app/build/intermediates/manifest_merge_blame_file/debug/manifest-merger-blame-debug-report.txt
1<?xml version="1.0" encoding="utf-8"?>
2<manifest xmlns:android="http://schemas.android.com/apk/res/android"
3    package="com.example.finalapplication"
4    android:versionCode="1"
5    android:versionName="1.0" >
6
7    <uses-sdk
8        android:minSdkVersion="24"
8-->src\main\AndroidManifest.xml
9        android:targetSdkVersion="33" />
9-->src\main\AndroidManifest.xml
10
11    <permission
11-->[androidx.core:core:1.9.0] AndroidManifest.xml:22:5-24:47
12        android:name="com.example.finalapplication.DYNAMIC_RECEIVER_NOT_EXPORTED_PERMISSION"
12-->[androidx.core:core:1.9.0] AndroidManifest.xml:23:9-81
13        android:protectionLevel="signature" />
13-->[androidx.core:core:1.9.0] AndroidManifest.xml:24:9-44
14
15    <uses-permission android:name="com.example.finalapplication.DYNAMIC_RECEIVER_NOT_EXPORTED_PERMISSION" />
15-->[androidx.core:core:1.9.0] AndroidManifest.xml:26:5-97
15-->[androidx.core:core:1.9.0] AndroidManifest.xml:26:22-94
16
17    <application
17-->src\main\AndroidManifest.xml:5:5-57:19
18        android:allowBackup="true"
18-->src\main\AndroidManifest.xml:6:9-35
19        android:appComponentFactory="androidx.core.app.CoreComponentFactory"
19-->[androidx.core:core:1.9.0] AndroidManifest.xml:28:18-86
20        android:dataExtractionRules="@xml/data_extraction_rules"
20-->src\main\AndroidManifest.xml:7:9-65
21        android:debuggable="true"
22        android:extractNativeLibs="false"
23        android:fullBackupContent="@xml/backup_rules"
23-->src\main\AndroidManifest.xml:8:9-54
24        android:icon="@mipmap/ic_launcher"
24-->src\main\AndroidManifest.xml:9:9-43
25        android:label="@string/app_name"
25-->src\main\AndroidManifest.xml:10:9-41
26        android:supportsRtl="true"
26-->src\main\AndroidManifest.xml:11:9-35
27        android:testOnly="true"
28        android:theme="@style/Theme.FinalApplication" >
28-->src\main\AndroidManifest.xml:12:9-54
29        <activity
29-->src\main\AndroidManifest.xml:14:9-16:40
30            android:name="com.example.finalapplication.work"
30-->src\main\AndroidManifest.xml:15:13-33
31            android:exported="false" />
31-->src\main\AndroidManifest.xml:16:13-37
32        <activity
32-->src\main\AndroidManifest.xml:17:9-19:40
33            android:name="com.example.finalapplication.person"
33-->src\main\AndroidManifest.xml:18:13-35
34            android:exported="false" />
34-->src\main\AndroidManifest.xml:19:13-37
35        <activity
35-->src\main\AndroidManifest.xml:20:9-22:40
36            android:name="com.example.finalapplication.game2"
36-->src\main\AndroidManifest.xml:21:13-34
37            android:exported="false" />
37-->src\main\AndroidManifest.xml:22:13-37
38        <activity
38-->src\main\AndroidManifest.xml:23:9-25:40
39            android:name="com.example.finalapplication.game1"
39-->src\main\AndroidManifest.xml:24:13-34
40            android:exported="false" />
40-->src\main\AndroidManifest.xml:25:13-37
41        <activity
41-->src\main\AndroidManifest.xml:26:9-28:40
42            android:name="com.example.finalapplication.gamehome"
42-->src\main\AndroidManifest.xml:27:13-37
43            android:exported="false" />
43-->src\main\AndroidManifest.xml:28:13-37
44        <activity
44-->src\main\AndroidManifest.xml:29:9-31:40
45            android:name="com.example.finalapplication.water"
45-->src\main\AndroidManifest.xml:30:13-34
46            android:exported="false" />
46-->src\main\AndroidManifest.xml:31:13-37
47        <activity
47-->src\main\AndroidManifest.xml:32:9-34:40
48            android:name="com.example.finalapplication.bmi"
48-->src\main\AndroidManifest.xml:33:13-32
49            android:exported="false" />
49-->src\main\AndroidManifest.xml:34:13-37
50        <activity
50-->src\main\AndroidManifest.xml:35:9-37:40
51            android:name="com.example.finalapplication.home"
51-->src\main\AndroidManifest.xml:36:13-33
52            android:exported="false" />
52-->src\main\AndroidManifest.xml:37:13-37
53        <activity
53-->src\main\AndroidManifest.xml:38:9-40:40
54            android:name="com.example.finalapplication.signup"
54-->src\main\AndroidManifest.xml:39:13-35
55            android:exported="false" />
55-->src\main\AndroidManifest.xml:40:13-37
56        <activity
56-->src\main\AndroidManifest.xml:41:9-43:40
57            android:name="com.example.finalapplication.login"
57-->src\main\AndroidManifest.xml:42:13-34
58            android:exported="false" />
58-->src\main\AndroidManifest.xml:43:13-37
59        <activity
59-->src\main\AndroidManifest.xml:44:9-52:20
60            android:name="com.example.finalapplication.MainActivity"
60-->src\main\AndroidManifest.xml:45:13-41
61            android:exported="true" >
61-->src\main\AndroidManifest.xml:46:13-36
62            <intent-filter>
62-->src\main\AndroidManifest.xml:47:13-51:29
63                <action android:name="android.intent.action.MAIN" />
63-->src\main\AndroidManifest.xml:48:17-69
63-->src\main\AndroidManifest.xml:48:25-66
64
65                <category android:name="android.intent.category.LAUNCHER" />
65-->src\main\AndroidManifest.xml:50:17-77
65-->src\main\AndroidManifest.xml:50:27-74
66            </intent-filter>
67        </activity>
68
69        <meta-data
69-->src\main\AndroidManifest.xml:54:9-56:57
70            android:name="preloaded_fonts"
70-->src\main\AndroidManifest.xml:55:13-43
71            android:resource="@array/preloaded_fonts" />
71-->src\main\AndroidManifest.xml:56:13-54
72
73        <provider
73-->[androidx.emoji2:emoji2:1.2.0] AndroidManifest.xml:24:9-32:20
74            android:name="androidx.startup.InitializationProvider"
74-->[androidx.emoji2:emoji2:1.2.0] AndroidManifest.xml:25:13-67
75            android:authorities="com.example.finalapplication.androidx-startup"
75-->[androidx.emoji2:emoji2:1.2.0] AndroidManifest.xml:26:13-68
76            android:exported="false" >
76-->[androidx.emoji2:emoji2:1.2.0] AndroidManifest.xml:27:13-37
77            <meta-data
77-->[androidx.emoji2:emoji2:1.2.0] AndroidManifest.xml:29:13-31:52
78                android:name="androidx.emoji2.text.EmojiCompatInitializer"
78-->[androidx.emoji2:emoji2:1.2.0] AndroidManifest.xml:30:17-75
79                android:value="androidx.startup" />
79-->[androidx.emoji2:emoji2:1.2.0] AndroidManifest.xml:31:17-49
80            <meta-data
80-->[androidx.lifecycle:lifecycle-process:2.4.1] AndroidManifest.xml:31:13-33:52
81                android:name="androidx.lifecycle.ProcessLifecycleInitializer"
81-->[androidx.lifecycle:lifecycle-process:2.4.1] AndroidManifest.xml:32:17-78
82                android:value="androidx.startup" />
82-->[androidx.lifecycle:lifecycle-process:2.4.1] AndroidManifest.xml:33:17-49
83        </provider>
84    </application>
85
86</manifest>